Performing C++ SOURCE FILE Test COMPILER_SUPPORT_Wshorten64to32 failed with the following output:
Change Dir: /home/fzz/SSTNN/lib_eigen/build/CMakeFiles/CMakeTmp

Run Build Command(s):/usr/bin/gmake -f Makefile cmTC_d61ab/fast && /usr/bin/gmake  -f CMakeFiles/cmTC_d61ab.dir/build.make CMakeFiles/cmTC_d61ab.dir/build
gmake[1]: Entering directory '/home/fzz/SSTNN/lib_eigen/build/CMakeFiles/CMakeTmp'
Building CXX object CMakeFiles/cmTC_d61ab.dir/src.cxx.o
/usr/bin/c++ -DCOMPILER_SUPPORT_Wshorten64to32  -pedantic -Wall -Wextra -Wundef -Wcast-align -Wchar-subscripts -Wnon-virtual-dtor -Wunused-local-typedefs -Wpointer-arith -Wwrite-strings -Wformat-security -Werror   -Wshorten-64-to-32 -o CMakeFiles/cmTC_d61ab.dir/src.cxx.o -c /home/fzz/SSTNN/lib_eigen/build/CMakeFiles/CMakeTmp/src.cxx
c++: error: unrecognized command-line option '-Wshorten-64-to-32'
gmake[1]: *** [CMakeFiles/cmTC_d61ab.dir/build.make:78: CMakeFiles/cmTC_d61ab.dir/src.cxx.o] Error 1
gmake[1]: Leaving directory '/home/fzz/SSTNN/lib_eigen/build/CMakeFiles/CMakeTmp'
gmake: *** [Makefile:127: cmTC_d61ab/fast] Error 2


Source file was:
int main() { return 0; }
Performing C++ SOURCE FILE Test COMPILER_SUPPORT_Wcpp11extensions failed with the following output:
Change Dir: /home/fzz/SSTNN/lib_eigen/build/CMakeFiles/CMakeTmp

Run Build Command(s):/usr/bin/gmake -f Makefile cmTC_37d7a/fast && /usr/bin/gmake  -f CMakeFiles/cmTC_37d7a.dir/build.make CMakeFiles/cmTC_37d7a.dir/build
gmake[1]: Entering directory '/home/fzz/SSTNN/lib_eigen/build/CMakeFiles/CMakeTmp'
Building CXX object CMakeFiles/cmTC_37d7a.dir/src.cxx.o
/usr/bin/c++ -DCOMPILER_SUPPORT_Wcpp11extensions  -pedantic -Wall -Wextra -Wundef -Wcast-align -Wchar-subscripts -Wnon-virtual-dtor -Wunused-local-typedefs -Wpointer-arith -Wwrite-strings -Wformat-security -Wlogical-op -Wenum-conversion -Werror   -Wc++11-extensions -o CMakeFiles/cmTC_37d7a.dir/src.cxx.o -c /home/fzz/SSTNN/lib_eigen/build/CMakeFiles/CMakeTmp/src.cxx
c++: error: unrecognized command-line option '-Wc++11-extensions'; did you mean '-fms-extensions'?
gmake[1]: *** [CMakeFiles/cmTC_37d7a.dir/build.make:78: CMakeFiles/cmTC_37d7a.dir/src.cxx.o] Error 1
gmake[1]: Leaving directory '/home/fzz/SSTNN/lib_eigen/build/CMakeFiles/CMakeTmp'
gmake: *** [Makefile:127: cmTC_37d7a/fast] Error 2


Source file was:
int main() { return 0; }
Performing C++ SOURCE FILE Test COMPILER_SUPPORT_wd981 failed with the following output:
Change Dir: /home/fzz/SSTNN/lib_eigen/build/CMakeFiles/CMakeTmp

Run Build Command(s):/usr/bin/gmake -f Makefile cmTC_f5330/fast && /usr/bin/gmake  -f CMakeFiles/cmTC_f5330.dir/build.make CMakeFiles/cmTC_f5330.dir/build
gmake[1]: Entering directory '/home/fzz/SSTNN/lib_eigen/build/CMakeFiles/CMakeTmp'
Building CXX object CMakeFiles/cmTC_f5330.dir/src.cxx.o
/usr/bin/c++ -DCOMPILER_SUPPORT_wd981  -pedantic -Wall -Wextra -Wundef -Wcast-align -Wchar-subscripts -Wnon-virtual-dtor -Wunused-local-typedefs -Wpointer-arith -Wwrite-strings -Wformat-security -Wlogical-op -Wenum-conversion -Wdouble-promotion -Wno-psabi -Wno-variadic-macros -Wno-long-long -fno-check-new -fno-common -fstrict-aliasing -Werror   -wd981 -o CMakeFiles/cmTC_f5330.dir/src.cxx.o -c /home/fzz/SSTNN/lib_eigen/build/CMakeFiles/CMakeTmp/src.cxx
c++: error: unrecognized command-line option '-wd981'
gmake[1]: *** [CMakeFiles/cmTC_f5330.dir/build.make:78: CMakeFiles/cmTC_f5330.dir/src.cxx.o] Error 1
gmake[1]: Leaving directory '/home/fzz/SSTNN/lib_eigen/build/CMakeFiles/CMakeTmp'
gmake: *** [Makefile:127: cmTC_f5330/fast] Error 2


Source file was:
int main() { return 0; }
Performing C++ SOURCE FILE Test COMPILER_SUPPORT_wd2304 failed with the following output:
Change Dir: /home/fzz/SSTNN/lib_eigen/build/CMakeFiles/CMakeTmp

Run Build Command(s):/usr/bin/gmake -f Makefile cmTC_6b230/fast && /usr/bin/gmake  -f CMakeFiles/cmTC_6b230.dir/build.make CMakeFiles/cmTC_6b230.dir/build
gmake[1]: Entering directory '/home/fzz/SSTNN/lib_eigen/build/CMakeFiles/CMakeTmp'
Building CXX object CMakeFiles/cmTC_6b230.dir/src.cxx.o
/usr/bin/c++ -DCOMPILER_SUPPORT_wd2304  -pedantic -Wall -Wextra -Wundef -Wcast-align -Wchar-subscripts -Wnon-virtual-dtor -Wunused-local-typedefs -Wpointer-arith -Wwrite-strings -Wformat-security -Wlogical-op -Wenum-conversion -Wdouble-promotion -Wno-psabi -Wno-variadic-macros -Wno-long-long -fno-check-new -fno-common -fstrict-aliasing -Werror   -wd2304 -o CMakeFiles/cmTC_6b230.dir/src.cxx.o -c /home/fzz/SSTNN/lib_eigen/build/CMakeFiles/CMakeTmp/src.cxx
c++: error: unrecognized command-line option '-wd2304'
gmake[1]: *** [CMakeFiles/cmTC_6b230.dir/build.make:78: CMakeFiles/cmTC_6b230.dir/src.cxx.o] Error 1
gmake[1]: Leaving directory '/home/fzz/SSTNN/lib_eigen/build/CMakeFiles/CMakeTmp'
gmake: *** [Makefile:127: cmTC_6b230/fast] Error 2


Source file was:
int main() { return 0; }
Performing C++ SOURCE FILE Test COMPILER_SUPPORT_STRICTANSI failed with the following output:
Change Dir: /home/fzz/SSTNN/lib_eigen/build/CMakeFiles/CMakeTmp

Run Build Command(s):/usr/bin/gmake -f Makefile cmTC_80dec/fast && /usr/bin/gmake  -f CMakeFiles/cmTC_80dec.dir/build.make CMakeFiles/cmTC_80dec.dir/build
gmake[1]: Entering directory '/home/fzz/SSTNN/lib_eigen/build/CMakeFiles/CMakeTmp'
Building CXX object CMakeFiles/cmTC_80dec.dir/src.cxx.o
/usr/bin/c++ -DCOMPILER_SUPPORT_STRICTANSI  -pedantic -Wall -Wextra -Wundef -Wcast-align -Wchar-subscripts -Wnon-virtual-dtor -Wunused-local-typedefs -Wpointer-arith -Wwrite-strings -Wformat-security -Wlogical-op -Wenum-conversion -Wdouble-promotion -Wno-psabi -Wno-variadic-macros -Wno-long-long -fno-check-new -fno-common -fstrict-aliasing -Werror   -strict-ansi -o CMakeFiles/cmTC_80dec.dir/src.cxx.o -c /home/fzz/SSTNN/lib_eigen/build/CMakeFiles/CMakeTmp/src.cxx
c++: error: unrecognized command-line option '-strict-ansi'; did you mean '-fstrict-enums'?
gmake[1]: *** [CMakeFiles/cmTC_80dec.dir/build.make:78: CMakeFiles/cmTC_80dec.dir/src.cxx.o] Error 1
gmake[1]: Leaving directory '/home/fzz/SSTNN/lib_eigen/build/CMakeFiles/CMakeTmp'
gmake: *** [Makefile:127: cmTC_80dec/fast] Error 2


Source file was:
int main() { return 0; }
Performing C++ SOURCE FILE Test COMPILER_SUPPORT_Qunusedarguments failed with the following output:
Change Dir: /home/fzz/SSTNN/lib_eigen/build/CMakeFiles/CMakeTmp

Run Build Command(s):/usr/bin/gmake -f Makefile cmTC_cfac1/fast && /usr/bin/gmake  -f CMakeFiles/cmTC_cfac1.dir/build.make CMakeFiles/cmTC_cfac1.dir/build
gmake[1]: Entering directory '/home/fzz/SSTNN/lib_eigen/build/CMakeFiles/CMakeTmp'
Building CXX object CMakeFiles/cmTC_cfac1.dir/src.cxx.o
/usr/bin/c++ -DCOMPILER_SUPPORT_Qunusedarguments  -pedantic -Wall -Wextra -Wundef -Wcast-align -Wchar-subscripts -Wnon-virtual-dtor -Wunused-local-typedefs -Wpointer-arith -Wwrite-strings -Wformat-security -Wlogical-op -Wenum-conversion -Wdouble-promotion -Wno-psabi -Wno-variadic-macros -Wno-long-long -fno-check-new -fno-common -fstrict-aliasing -Werror   -Qunused-arguments -o CMakeFiles/cmTC_cfac1.dir/src.cxx.o -c /home/fzz/SSTNN/lib_eigen/build/CMakeFiles/CMakeTmp/src.cxx
c++: error: unrecognized command-line option '-Qunused-arguments'
gmake[1]: *** [CMakeFiles/cmTC_cfac1.dir/build.make:78: CMakeFiles/cmTC_cfac1.dir/src.cxx.o] Error 1
gmake[1]: Leaving directory '/home/fzz/SSTNN/lib_eigen/build/CMakeFiles/CMakeTmp'
gmake: *** [Makefile:127: cmTC_cfac1/fast] Error 2


Source file was:
int main() { return 0; }
Compiling the Fortran compiler identification source file "CMakeFortranCompilerId.F" failed.
Compiler: CMAKE_Fortran_COMPILER-NOTFOUND 
Build flags: 
Id flags: -v 

The output was:
No such file or directory


Compiling the Fortran compiler identification source file "CMakeFortranCompilerId.F" failed.
Compiler: CMAKE_Fortran_COMPILER-NOTFOUND 
Build flags: 
Id flags:  

The output was:
No such file or directory


Compiling the Fortran compiler identification source file "CMakeFortranCompilerId.F" failed.
Compiler: CMAKE_Fortran_COMPILER-NOTFOUND 
Build flags: 
Id flags: -c 

The output was:
No such file or directory


Compiling the Fortran compiler identification source file "CMakeFortranCompilerId.F" failed.
Compiler: CMAKE_Fortran_COMPILER-NOTFOUND 
Build flags: 
Id flags: -fpp 

The output was:
No such file or directory


Compiling the Fortran compiler identification source file "CMakeFortranCompilerId.F" failed.
Compiler: CMAKE_Fortran_COMPILER-NOTFOUND 
Build flags: 
Id flags: -v 

The output was:
No such file or directory


Compiling the Fortran compiler identification source file "CMakeFortranCompilerId.F" failed.
Compiler: CMAKE_Fortran_COMPILER-NOTFOUND 
Build flags: 
Id flags:  

The output was:
No such file or directory


Compiling the Fortran compiler identification source file "CMakeFortranCompilerId.F" failed.
Compiler: CMAKE_Fortran_COMPILER-NOTFOUND 
Build flags: 
Id flags: -c 

The output was:
No such file or directory


Compiling the Fortran compiler identification source file "CMakeFortranCompilerId.F" failed.
Compiler: CMAKE_Fortran_COMPILER-NOTFOUND 
Build flags: 
Id flags: -fpp 

The output was:
No such file or directory


